<?xml version="1.0" encoding="utf-8"?>
<TestRun id="3dc00530-6d0a-44ee-8620-71efb1b8a7f9" name="masgeek@SAMMY-BARASA 2026-07-19 20:33:13" runUser="SAMMY-BARASA\masgeek" xmlns="http://microsoft.com/schemas/VisualStudio/TeamTest/2010">
  <Times creation="2026-07-19T20:33:13.6225447+03:00" queuing="2026-07-19T20:33:13.6225453+03:00" start="2026-07-19T20:33:12.8023038+03:00" finish="2026-07-19T20:33:13.6603878+03:00" />
  <TestSettings name="default" id="6787b95e-1292-4411-a808-225637b854fb">
    <Deployment runDeploymentRoot="masgeek_SAMMY-BARASA_2026-07-19_20_33_13" />
  </TestSettings>
  <Results>
    <UnitTestResult executionId="9af99258-2b98-4846-9c2d-51714eb69a00" testId="439697f7-aae0-180d-704e-f3a1a5666128" testName="SmsNotificationService.Tests.SmsApiServiceTests.CalculateRetryAfter_Retry2_ReturnsDoubleBackoff" computerName="SAMMY-BARASA" duration="00:00:00.0026394" startTime="2026-07-19T20:33:13.5809429+03:00" endTime="2026-07-19T20:33:13.5835413+03:00" testType="13cdc9d9-ddb5-4fa4-a97d-d965ccfc6d4b" outcome="Passed" testListId="8c84fa94-04c1-424b-9868-57a2d4851a1d" relativeResultsDirectory="9af99258-2b98-4846-9c2d-51714eb69a00" />
    <UnitTestResult executionId="3635e50a-0ff0-429b-b78d-a326bfcb5791" testId="9e48f5d4-8544-5cc9-d3bf-ca33b5b6cd67" testName="SmsNotificationService.Tests.SmsApiServiceTests.SendAsync_Success_ReturnsOk" computerName="SAMMY-BARASA" duration="00:00:00.1451722" startTime="2026-07-19T20:33:13.4193044+03:00" endTime="2026-07-19T20:33:13.5719341+03:00" testType="13cdc9d9-ddb5-4fa4-a97d-d965ccfc6d4b" outcome="Passed" testListId="8c84fa94-04c1-424b-9868-57a2d4851a1d" relativeResultsDirectory="3635e50a-0ff0-429b-b78d-a326bfcb5791" />
    <UnitTestResult executionId="59989228-f92b-4f03-81cb-f52d7f68abab" testId="ab5bee81-3980-a94c-055f-81a2634c30cf" testName="SmsNotificationService.Tests.SmsApiServiceTests.CalculateRetryAfter_Retry3_ReturnsQuadrupleBackoff" computerName="SAMMY-BARASA" duration="00:00:00.0005439" startTime="2026-07-19T20:33:13.5918641+03:00" endTime="2026-07-19T20:33:13.5919352+03:00" testType="13cdc9d9-ddb5-4fa4-a97d-d965ccfc6d4b" outcome="Passed" testListId="8c84fa94-04c1-424b-9868-57a2d4851a1d" relativeResultsDirectory="59989228-f92b-4f03-81cb-f52d7f68abab" />
    <UnitTestResult executionId="8166ea30-55d7-42de-bbff-740581d084d3" testId="550cce1a-a172-1623-3397-0d9679efdb34" testName="SmsNotificationService.Tests.SmsApiServiceTests.SendAsync_ServerError_ReturnsNonRetryableFor4xx" computerName="SAMMY-BARASA" duration="00:00:00.0087463" startTime="2026-07-19T20:33:13.5723255+03:00" endTime="2026-07-19T20:33:13.5807805+03:00" testType="13cdc9d9-ddb5-4fa4-a97d-d965ccfc6d4b" outcome="Passed" testListId="8c84fa94-04c1-424b-9868-57a2d4851a1d" relativeResultsDirectory="8166ea30-55d7-42de-bbff-740581d084d3" />
    <UnitTestResult executionId="3f2e872e-577e-4d06-bcfa-c174951d1bf6" testId="b483bcac-c794-11ae-98d2-935ae064dcd5" testName="SmsNotificationService.Tests.SmsApiServiceTests.CalculateRetryAfter_Retry1_ReturnsBaseBackoff" computerName="SAMMY-BARASA" duration="00:00:00.0007453" startTime="2026-07-19T20:33:13.5837891+03:00" endTime="2026-07-19T20:33:13.5842692+03:00" testType="13cdc9d9-ddb5-4fa4-a97d-d965ccfc6d4b" outcome="Passed" testListId="8c84fa94-04c1-424b-9868-57a2d4851a1d" relativeResultsDirectory="3f2e872e-577e-4d06-bcfa-c174951d1bf6" />
    <UnitTestResult executionId="297a817a-fd2f-48df-81b8-ef9d934b24f1" testId="3b4ebe5f-41af-7255-71ce-9c3eb04ac97b" testName="SmsNotificationService.Tests.NotificationProcessorTests.ProcessPending_SendFails_RetriesRemaining_SchedulesRetry" computerName="SAMMY-BARASA" duration="00:00:00.0054239" startTime="2026-07-19T20:33:13.5703502+03:00" endTime="2026-07-19T20:33:13.5703895+03:00" testType="13cdc9d9-ddb5-4fa4-a97d-d965ccfc6d4b" outcome="Passed" testListId="8c84fa94-04c1-424b-9868-57a2d4851a1d" relativeResultsDirectory="297a817a-fd2f-48df-81b8-ef9d934b24f1" />
    <UnitTestResult executionId="0b71efb5-ea71-47f0-9ee3-195f5d5a4c9e" testId="c84e6afc-751b-81c4-b491-fe1b43833bdc" testName="SmsNotificationService.Tests.NotificationProcessorTests.ProcessPending_SendSuccess_UpdatesToProcessed" computerName="SAMMY-BARASA" duration="00:00:00.0015410" startTime="2026-07-19T20:33:13.5704893+03:00" endTime="2026-07-19T20:33:13.5705218+03:00" testType="13cdc9d9-ddb5-4fa4-a97d-d965ccfc6d4b" outcome="Passed" testListId="8c84fa94-04c1-424b-9868-57a2d4851a1d" relativeResultsDirectory="0b71efb5-ea71-47f0-9ee3-195f5d5a4c9e" />
    <UnitTestResult executionId="ff96a0ba-21d4-4f80-87bd-0ca56d5a9e9f" testId="9b4e679b-f477-15b6-7552-0187e2225a83" testName="SmsNotificationService.Tests.SmsApiServiceTests.SendAsync_Exception_RetriesAndReturnsFail" computerName="SAMMY-BARASA" duration="00:00:00.0027605" startTime="2026-07-19T20:33:13.5923616+03:00" endTime="2026-07-19T20:33:13.5924072+03:00" testType="13cdc9d9-ddb5-4fa4-a97d-d965ccfc6d4b" outcome="Passed" testListId="8c84fa94-04c1-424b-9868-57a2d4851a1d" relativeResultsDirectory="ff96a0ba-21d4-4f80-87bd-0ca56d5a9e9f" />
    <UnitTestResult executionId="2e2760ff-fd6b-40c6-86e6-4986cdab9500" testId="e79f4345-684b-3d2c-9054-74b23f2cc782" testName="SmsNotificationService.Tests.NotificationProcessorTests.ProcessPending_SendFails_MaxRetriesExceeded_Cancels" computerName="SAMMY-BARASA" duration="00:00:00.0061321" startTime="2026-07-19T20:33:13.5695590+03:00" endTime="2026-07-19T20:33:13.5696244+03:00" testType="13cdc9d9-ddb5-4fa4-a97d-d965ccfc6d4b" outcome="Passed" testListId="8c84fa94-04c1-424b-9868-57a2d4851a1d" relativeResultsDirectory="2e2760ff-fd6b-40c6-86e6-4986cdab9500" />
    <UnitTestResult executionId="8f5e9931-72cd-406a-b5d1-4fd3a27f0dde" testId="d6419681-62e1-f403-e54a-7beb4cd32d1f" testName="SmsNotificationService.Tests.NotificationProcessorTests.ProcessPending_NoPending_DoesNotSend" computerName="SAMMY-BARASA" duration="00:00:00.0012216" startTime="2026-07-19T20:33:13.5705940+03:00" endTime="2026-07-19T20:33:13.5706265+03:00" testType="13cdc9d9-ddb5-4fa4-a97d-d965ccfc6d4b" outcome="Passed" testListId="8c84fa94-04c1-424b-9868-57a2d4851a1d" relativeResultsDirectory="8f5e9931-72cd-406a-b5d1-4fd3a27f0dde" />
    <UnitTestResult executionId="d0619be6-dfb2-469f-849e-e4071c40a1bf" testId="5d74108c-c563-7c36-3f98-9496567245dc" testName="SmsNotificationService.Tests.SmsApiServiceTests.SendAsync_ServerError_RetriesAndReturnsFail" computerName="SAMMY-BARASA" duration="00:00:00.0017913" startTime="2026-07-19T20:33:13.5922151+03:00" endTime="2026-07-19T20:33:13.5922568+03:00" testType="13cdc9d9-ddb5-4fa4-a97d-d965ccfc6d4b" outcome="Passed" testListId="8c84fa94-04c1-424b-9868-57a2d4851a1d" relativeResultsDirectory="d0619be6-dfb2-469f-849e-e4071c40a1bf" />
    <UnitTestResult executionId="6d60edff-4179-45b6-94a9-e998be419ce2" testId="3948d23a-6d1c-dea1-ab56-63263778ceb4" testName="SmsNotificationService.Tests.NotificationProcessorTests.ProcessPending_MultipleNotifications_ProcessesAll" computerName="SAMMY-BARASA" duration="00:00:00.1262773" startTime="2026-07-19T20:33:13.4210086+03:00" endTime="2026-07-19T20:33:13.5554999+03:00" testType="13cdc9d9-ddb5-4fa4-a97d-d965ccfc6d4b" outcome="Passed" testListId="8c84fa94-04c1-424b-9868-57a2d4851a1d" relativeResultsDirectory="6d60edff-4179-45b6-94a9-e998be419ce2" />
  </Results>
  <TestDefinitions>
    <UnitTest name="SmsNotificationService.Tests.SmsApiServiceTests.SendAsync_ServerError_RetriesAndReturnsFail" storage="d:\dev\dotnet\smsnotificationservice\tests\smsnotificationservice.tests\bin\release\net10.0\smsnotificationservice.tests.dll" id="5d74108c-c563-7c36-3f98-9496567245dc">
      <Execution id="d0619be6-dfb2-469f-849e-e4071c40a1bf" />
      <TestMethod codeBase="D:\Dev\dotnet\SmsNotificationService\tests\SmsNotificationService.Tests\bin\Release\net10.0\SmsNotificationService.Tests.dll" adapterTypeName="executor://xunit/VsTestRunner3/netcore/" className="SmsNotificationService.Tests.SmsApiServiceTests" name="SendAsync_ServerError_RetriesAndReturnsFail" />
    </UnitTest>
    <UnitTest name="SmsNotificationService.Tests.SmsApiServiceTests.CalculateRetryAfter_Retry3_ReturnsQuadrupleBackoff" storage="d:\dev\dotnet\smsnotificationservice\tests\smsnotificationservice.tests\bin\release\net10.0\smsnotificationservice.tests.dll" id="ab5bee81-3980-a94c-055f-81a2634c30cf">
      <Execution id="59989228-f92b-4f03-81cb-f52d7f68abab" />
      <TestMethod codeBase="D:\Dev\dotnet\SmsNotificationService\tests\SmsNotificationService.Tests\bin\Release\net10.0\SmsNotificationService.Tests.dll" adapterTypeName="executor://xunit/VsTestRunner3/netcore/" className="SmsNotificationService.Tests.SmsApiServiceTests" name="CalculateRetryAfter_Retry3_ReturnsQuadrupleBackoff" />
    </UnitTest>
    <UnitTest name="SmsNotificationService.Tests.SmsApiServiceTests.CalculateRetryAfter_Retry1_ReturnsBaseBackoff" storage="d:\dev\dotnet\smsnotificationservice\tests\smsnotificationservice.tests\bin\release\net10.0\smsnotificationservice.tests.dll" id="b483bcac-c794-11ae-98d2-935ae064dcd5">
      <Execution id="3f2e872e-577e-4d06-bcfa-c174951d1bf6" />
      <TestMethod codeBase="D:\Dev\dotnet\SmsNotificationService\tests\SmsNotificationService.Tests\bin\Release\net10.0\SmsNotificationService.Tests.dll" adapterTypeName="executor://xunit/VsTestRunner3/netcore/" className="SmsNotificationService.Tests.SmsApiServiceTests" name="CalculateRetryAfter_Retry1_ReturnsBaseBackoff" />
    </UnitTest>
    <UnitTest name="SmsNotificationService.Tests.NotificationProcessorTests.ProcessPending_NoPending_DoesNotSend" storage="d:\dev\dotnet\smsnotificationservice\tests\smsnotificationservice.tests\bin\release\net10.0\smsnotificationservice.tests.dll" id="d6419681-62e1-f403-e54a-7beb4cd32d1f">
      <Execution id="8f5e9931-72cd-406a-b5d1-4fd3a27f0dde" />
      <TestMethod codeBase="D:\Dev\dotnet\SmsNotificationService\tests\SmsNotificationService.Tests\bin\Release\net10.0\SmsNotificationService.Tests.dll" adapterTypeName="executor://xunit/VsTestRunner3/netcore/" className="SmsNotificationService.Tests.NotificationProcessorTests" name="ProcessPending_NoPending_DoesNotSend" />
    </UnitTest>
    <UnitTest name="SmsNotificationService.Tests.SmsApiServiceTests.SendAsync_ServerError_ReturnsNonRetryableFor4xx" storage="d:\dev\dotnet\smsnotificationservice\tests\smsnotificationservice.tests\bin\release\net10.0\smsnotificationservice.tests.dll" id="550cce1a-a172-1623-3397-0d9679efdb34">
      <Execution id="8166ea30-55d7-42de-bbff-740581d084d3" />
      <TestMethod codeBase="D:\Dev\dotnet\SmsNotificationService\tests\SmsNotificationService.Tests\bin\Release\net10.0\SmsNotificationService.Tests.dll" adapterTypeName="executor://xunit/VsTestRunner3/netcore/" className="SmsNotificationService.Tests.SmsApiServiceTests" name="SendAsync_ServerError_ReturnsNonRetryableFor4xx" />
    </UnitTest>
    <UnitTest name="SmsNotificationService.Tests.NotificationProcessorTests.ProcessPending_MultipleNotifications_ProcessesAll" storage="d:\dev\dotnet\smsnotificationservice\tests\smsnotificationservice.tests\bin\release\net10.0\smsnotificationservice.tests.dll" id="3948d23a-6d1c-dea1-ab56-63263778ceb4">
      <Execution id="6d60edff-4179-45b6-94a9-e998be419ce2" />
      <TestMethod codeBase="D:\Dev\dotnet\SmsNotificationService\tests\SmsNotificationService.Tests\bin\Release\net10.0\SmsNotificationService.Tests.dll" adapterTypeName="executor://xunit/VsTestRunner3/netcore/" className="SmsNotificationService.Tests.NotificationProcessorTests" name="ProcessPending_MultipleNotifications_ProcessesAll" />
    </UnitTest>
    <UnitTest name="SmsNotificationService.Tests.SmsApiServiceTests.CalculateRetryAfter_Retry2_ReturnsDoubleBackoff" storage="d:\dev\dotnet\smsnotificationservice\tests\smsnotificationservice.tests\bin\release\net10.0\smsnotificationservice.tests.dll" id="439697f7-aae0-180d-704e-f3a1a5666128">
      <Execution id="9af99258-2b98-4846-9c2d-51714eb69a00" />
      <TestMethod codeBase="D:\Dev\dotnet\SmsNotificationService\tests\SmsNotificationService.Tests\bin\Release\net10.0\SmsNotificationService.Tests.dll" adapterTypeName="executor://xunit/VsTestRunner3/netcore/" className="SmsNotificationService.Tests.SmsApiServiceTests" name="CalculateRetryAfter_Retry2_ReturnsDoubleBackoff" />
    </UnitTest>
    <UnitTest name="SmsNotificationService.Tests.NotificationProcessorTests.ProcessPending_SendFails_RetriesRemaining_SchedulesRetry" storage="d:\dev\dotnet\smsnotificationservice\tests\smsnotificationservice.tests\bin\release\net10.0\smsnotificationservice.tests.dll" id="3b4ebe5f-41af-7255-71ce-9c3eb04ac97b">
      <Execution id="297a817a-fd2f-48df-81b8-ef9d934b24f1" />
      <TestMethod codeBase="D:\Dev\dotnet\SmsNotificationService\tests\SmsNotificationService.Tests\bin\Release\net10.0\SmsNotificationService.Tests.dll" adapterTypeName="executor://xunit/VsTestRunner3/netcore/" className="SmsNotificationService.Tests.NotificationProcessorTests" name="ProcessPending_SendFails_RetriesRemaining_SchedulesRetry" />
    </UnitTest>
    <UnitTest name="SmsNotificationService.Tests.SmsApiServiceTests.SendAsync_Exception_RetriesAndReturnsFail" storage="d:\dev\dotnet\smsnotificationservice\tests\smsnotificationservice.tests\bin\release\net10.0\smsnotificationservice.tests.dll" id="9b4e679b-f477-15b6-7552-0187e2225a83">
      <Execution id="ff96a0ba-21d4-4f80-87bd-0ca56d5a9e9f" />
      <TestMethod codeBase="D:\Dev\dotnet\SmsNotificationService\tests\SmsNotificationService.Tests\bin\Release\net10.0\SmsNotificationService.Tests.dll" adapterTypeName="executor://xunit/VsTestRunner3/netcore/" className="SmsNotificationService.Tests.SmsApiServiceTests" name="SendAsync_Exception_RetriesAndReturnsFail" />
    </UnitTest>
    <UnitTest name="SmsNotificationService.Tests.NotificationProcessorTests.ProcessPending_SendFails_MaxRetriesExceeded_Cancels" storage="d:\dev\dotnet\smsnotificationservice\tests\smsnotificationservice.tests\bin\release\net10.0\smsnotificationservice.tests.dll" id="e79f4345-684b-3d2c-9054-74b23f2cc782">
      <Execution id="2e2760ff-fd6b-40c6-86e6-4986cdab9500" />
      <TestMethod codeBase="D:\Dev\dotnet\SmsNotificationService\tests\SmsNotificationService.Tests\bin\Release\net10.0\SmsNotificationService.Tests.dll" adapterTypeName="executor://xunit/VsTestRunner3/netcore/" className="SmsNotificationService.Tests.NotificationProcessorTests" name="ProcessPending_SendFails_MaxRetriesExceeded_Cancels" />
    </UnitTest>
    <UnitTest name="SmsNotificationService.Tests.SmsApiServiceTests.SendAsync_Success_ReturnsOk" storage="d:\dev\dotnet\smsnotificationservice\tests\smsnotificationservice.tests\bin\release\net10.0\smsnotificationservice.tests.dll" id="9e48f5d4-8544-5cc9-d3bf-ca33b5b6cd67">
      <Execution id="3635e50a-0ff0-429b-b78d-a326bfcb5791" />
      <TestMethod codeBase="D:\Dev\dotnet\SmsNotificationService\tests\SmsNotificationService.Tests\bin\Release\net10.0\SmsNotificationService.Tests.dll" adapterTypeName="executor://xunit/VsTestRunner3/netcore/" className="SmsNotificationService.Tests.SmsApiServiceTests" name="SendAsync_Success_ReturnsOk" />
    </UnitTest>
    <UnitTest name="SmsNotificationService.Tests.NotificationProcessorTests.ProcessPending_SendSuccess_UpdatesToProcessed" storage="d:\dev\dotnet\smsnotificationservice\tests\smsnotificationservice.tests\bin\release\net10.0\smsnotificationservice.tests.dll" id="c84e6afc-751b-81c4-b491-fe1b43833bdc">
      <Execution id="0b71efb5-ea71-47f0-9ee3-195f5d5a4c9e" />
      <TestMethod codeBase="D:\Dev\dotnet\SmsNotificationService\tests\SmsNotificationService.Tests\bin\Release\net10.0\SmsNotificationService.Tests.dll" adapterTypeName="executor://xunit/VsTestRunner3/netcore/" className="SmsNotificationService.Tests.NotificationProcessorTests" name="ProcessPending_SendSuccess_UpdatesToProcessed" />
    </UnitTest>
  </TestDefinitions>
  <TestEntries>
    <TestEntry testId="439697f7-aae0-180d-704e-f3a1a5666128" executionId="9af99258-2b98-4846-9c2d-51714eb69a00" testListId="8c84fa94-04c1-424b-9868-57a2d4851a1d" />
    <TestEntry testId="9e48f5d4-8544-5cc9-d3bf-ca33b5b6cd67" executionId="3635e50a-0ff0-429b-b78d-a326bfcb5791" testListId="8c84fa94-04c1-424b-9868-57a2d4851a1d" />
    <TestEntry testId="ab5bee81-3980-a94c-055f-81a2634c30cf" executionId="59989228-f92b-4f03-81cb-f52d7f68abab" testListId="8c84fa94-04c1-424b-9868-57a2d4851a1d" />
    <TestEntry testId="550cce1a-a172-1623-3397-0d9679efdb34" executionId="8166ea30-55d7-42de-bbff-740581d084d3" testListId="8c84fa94-04c1-424b-9868-57a2d4851a1d" />
    <TestEntry testId="b483bcac-c794-11ae-98d2-935ae064dcd5" executionId="3f2e872e-577e-4d06-bcfa-c174951d1bf6" testListId="8c84fa94-04c1-424b-9868-57a2d4851a1d" />
    <TestEntry testId="3b4ebe5f-41af-7255-71ce-9c3eb04ac97b" executionId="297a817a-fd2f-48df-81b8-ef9d934b24f1" testListId="8c84fa94-04c1-424b-9868-57a2d4851a1d" />
    <TestEntry testId="c84e6afc-751b-81c4-b491-fe1b43833bdc" executionId="0b71efb5-ea71-47f0-9ee3-195f5d5a4c9e" testListId="8c84fa94-04c1-424b-9868-57a2d4851a1d" />
    <TestEntry testId="9b4e679b-f477-15b6-7552-0187e2225a83" executionId="ff96a0ba-21d4-4f80-87bd-0ca56d5a9e9f" testListId="8c84fa94-04c1-424b-9868-57a2d4851a1d" />
    <TestEntry testId="e79f4345-684b-3d2c-9054-74b23f2cc782" executionId="2e2760ff-fd6b-40c6-86e6-4986cdab9500" testListId="8c84fa94-04c1-424b-9868-57a2d4851a1d" />
    <TestEntry testId="d6419681-62e1-f403-e54a-7beb4cd32d1f" executionId="8f5e9931-72cd-406a-b5d1-4fd3a27f0dde" testListId="8c84fa94-04c1-424b-9868-57a2d4851a1d" />
    <TestEntry testId="5d74108c-c563-7c36-3f98-9496567245dc" executionId="d0619be6-dfb2-469f-849e-e4071c40a1bf" testListId="8c84fa94-04c1-424b-9868-57a2d4851a1d" />
    <TestEntry testId="3948d23a-6d1c-dea1-ab56-63263778ceb4" executionId="6d60edff-4179-45b6-94a9-e998be419ce2" testListId="8c84fa94-04c1-424b-9868-57a2d4851a1d" />
  </TestEntries>
  <TestLists>
    <TestList name="Results Not in a List" id="8c84fa94-04c1-424b-9868-57a2d4851a1d" />
    <TestList name="All Loaded Results" id="19431567-8539-422a-85d7-44ee4e166bda" />
  </TestLists>
  <ResultSummary outcome="Completed">
    <Counters total="12" executed="12" passed="12" failed="0" error="0" timeout="0" aborted="0" inconclusive="0" passedButRunAborted="0" notRunnable="0" notExecuted="0" disconnected="0" warning="0" completed="0" inProgress="0" pending="0" />
    <Output>
      <StdOut>[xUnit.net 00:00:00.00] xUnit.net VSTest Adapter v3.1.5+1b188a7b0a (64-bit .NET 10.0.10)&#xD;
[xUnit.net 00:00:00.11]   Discovering: SmsNotificationService.Tests&#xD;
[xUnit.net 00:00:00.15]   Discovered:  SmsNotificationService.Tests&#xD;
[xUnit.net 00:00:00.18]   Starting:    SmsNotificationService.Tests&#xD;
     Warning:&#xD;
     The component "Fluent Assertions" is governed by the rules defined in the Xceed License Agreement and&#xD;
     the Xceed Fluent Assertions Community License. You may use Fluent Assertions free of charge for&#xD;
     non-commercial use only. An active subscription is required to use Fluent Assertions for commercial use.&#xD;
     Please contact Xceed Sales mailto:sales@xceed.com to acquire a subscription at a very low cost.&#xD;
     A paid commercial license supports the development and continued increasing support of&#xD;
     Fluent Assertions users under both commercial and community licenses. Help us&#xD;
     keep Fluent Assertions at the forefront of unit testing.&#xD;
     For more information, visit https://xceed.com/products/unit-testing/fluent-assertions/&#xD;
[xUnit.net 00:00:00.38]   Finished:    SmsNotificationService.Tests&#xD;
</StdOut>
    </Output>
  </ResultSummary>
</TestRun>